<?xml version="1.0" encoding="UTF-8"?>
<!-- Generated by org.testng.reporters.JUnitXMLReporter -->
<testsuite ignored="0" hostname="Sumair" failures="3" tests="18" name="mytest" time="145.03" errors="0" timestamp="2025-09-03T16:44:52 IST">
  <testcase classname="Login.LoginTests" name="validLogin" time="2.534"/>
  <testcase classname="Login.LoginTests" name="invalidLogin" time="0.493"/>
  <testcase classname="Login.LoginTests" name="logoutTest" time="3.697"/>
  <testcase classname="searchbar.SearchBarTests" name="searchByName" time="2.8"/>
  <testcase classname="searchbar.SearchBarTests" name="searchByPhone" time="2.261">
    <failure type="org.openqa.selenium.StaleElementReferenceException" message="stale element reference: stale element not found
  (Session info: chrome=139.0.7258.155)
For documentation on this error, please visit: https://www.selenium.dev/documentation/webdriver/troubleshooting/errors#stale-element-reference-exception
Build info: version: &amp;apos;4.34.0&amp;apos;, revision: &amp;apos;707dcb4246*&amp;apos;
System info: os.name: &amp;apos;Windows 11&amp;apos;, os.arch: &amp;apos;amd64&amp;apos;, os.version: &amp;apos;10.0&amp;apos;, java.version: &amp;apos;22.0.2&amp;apos;
Driver info: org.openqa.selenium.chrome.ChromeDriver
Command: [6add8d700d7dd50fc572236e08e60c08, isElementDisplayed {id=f.AD1682763B29538E4B7471F0819DE287.d.ACC98A6D54DAF0306369AD3C46EEC2E6.e.55}]
Capabilities {acceptInsecureCerts: false, browserName: chrome, browserVersion: 139.0.7258.155, chrome: {chromedriverVersion: 139.0.7258.154 (9e0d6b2b47f..., userDataDir: C:\Users\DELL\AppData\Local...}, fedcm:accounts: true, goog:chromeOptions: {debuggerAddress: localhost:59312}, networkConnectionEnabled: false, pageLoadStrategy: normal, platformName: windows, proxy: Proxy(), se:cdp: ws://localhost:59312/devtoo..., se:cdpVersion: 139.0.7258.155, setWindowRect: true, strictFileInteractability: false, timeouts: {implicit: 0, pageLoad: 300000, script: 30000}, unhandledPromptBehavior: dismiss and notify, webauthn:extension:credBlob: true, webauthn:extension:largeBlob: true, webauthn:extension:minPinLength: true, webauthn:extension:prf: true, webauthn:virtualAuthenticators: true}
Element: [[ChromeDriver: chrome on windows (6add8d700d7dd50fc572236e08e60c08)] -&amp;gt; xpath: //small[@class = &amp;apos;text-muted&amp;apos;]]
Session ID: 6add8d700d7dd50fc572236e08e60c08">
      <![CDATA[org.openqa.selenium.StaleElementReferenceException: stale element reference: stale element not found
  (Session info: chrome=139.0.7258.155)
For documentation on this error, please visit: https://www.selenium.dev/documentation/webdriver/troubleshooting/errors#stale-element-reference-exception
Build info: version: '4.34.0', revision: '707dcb4246*'
System info: os.name: 'Windows 11', os.arch: 'amd64', os.version: '10.0', java.version: '22.0.2'
Driver info: org.openqa.selenium.chrome.ChromeDriver
Command: [6add8d700d7dd50fc572236e08e60c08, isElementDisplayed {id=f.AD1682763B29538E4B7471F0819DE287.d.ACC98A6D54DAF0306369AD3C46EEC2E6.e.55}]
Capabilities {acceptInsecureCerts: false, browserName: chrome, browserVersion: 139.0.7258.155, chrome: {chromedriverVersion: 139.0.7258.154 (9e0d6b2b47f..., userDataDir: C:\Users\DELL\AppData\Local...}, fedcm:accounts: true, goog:chromeOptions: {debuggerAddress: localhost:59312}, networkConnectionEnabled: false, pageLoadStrategy: normal, platformName: windows, proxy: Proxy(), se:cdp: ws://localhost:59312/devtoo..., se:cdpVersion: 139.0.7258.155, setWindowRect: true, strictFileInteractability: false, timeouts: {implicit: 0, pageLoad: 300000, script: 30000}, unhandledPromptBehavior: dismiss and notify, webauthn:extension:credBlob: true, webauthn:extension:largeBlob: true, webauthn:extension:minPinLength: true, webauthn:extension:prf: true, webauthn:virtualAuthenticators: true}
Element: [[ChromeDriver: chrome on windows (6add8d700d7dd50fc572236e08e60c08)] -> xpath: //small[@class = 'text-muted']]
Session ID: 6add8d700d7dd50fc572236e08e60c08
at org.openqa.selenium.remote.ErrorCodec.decode(ErrorCodec.java:167)
at org.openqa.selenium.remote.codec.w3c.W3CHttpResponseCodec.decode(W3CHttpResponseCodec.java:138)
at org.openqa.selenium.remote.codec.w3c.W3CHttpResponseCodec.decode(W3CHttpResponseCodec.java:50)
at org.openqa.selenium.remote.HttpCommandExecutor.execute(HttpCommandExecutor.java:215)
at org.openqa.selenium.remote.service.DriverCommandExecutor.invokeExecute(DriverCommandExecutor.java:216)
at org.openqa.selenium.remote.service.DriverCommandExecutor.execute(DriverCommandExecutor.java:174)
at org.openqa.selenium.remote.RemoteWebDriver.execute(RemoteWebDriver.java:544)
at org.openqa.selenium.remote.RemoteWebElement.execute(RemoteWebElement.java:223)
at org.openqa.selenium.remote.RemoteWebElement.isDisplayed(RemoteWebElement.java:282)
at org.openqa.selenium.support.ui.ExpectedConditions.elementIfVisible(ExpectedConditions.java:304)
at org.openqa.selenium.support.ui.ExpectedConditions$10.apply(ExpectedConditions.java:290)
at org.openqa.selenium.support.ui.ExpectedConditions$10.apply(ExpectedConditions.java:287)
at org.openqa.selenium.support.ui.FluentWait.until(FluentWait.java:203)
at utility.WaitUtils.waitForElementVisible(WaitUtils.java:67)
at searchbar.SearchBarTests.searchByPhone(SearchBarTests.java:73)
at java.base/java.util.ArrayList.forEach(ArrayList.java:1597)
... Removed 28 stack frames]]>
    </failure>
  </testcase> <!-- searchByPhone -->
  <testcase classname="searchbar.SearchBarTests" name="searchByService" time="3.091"/>
  <testcase classname="searchbar.SearchBarTests" name="searchByTaskId" time="2.161">
    <failure type="org.openqa.selenium.StaleElementReferenceException" message="stale element reference: stale element not found
  (Session info: chrome=139.0.7258.155)
For documentation on this error, please visit: https://www.selenium.dev/documentation/webdriver/troubleshooting/errors#stale-element-reference-exception
Build info: version: &amp;apos;4.34.0&amp;apos;, revision: &amp;apos;707dcb4246*&amp;apos;
System info: os.name: &amp;apos;Windows 11&amp;apos;, os.arch: &amp;apos;amd64&amp;apos;, os.version: &amp;apos;10.0&amp;apos;, java.version: &amp;apos;22.0.2&amp;apos;
Driver info: org.openqa.selenium.chrome.ChromeDriver
Command: [b091826435ae414c9c8e13206ee1549a, isElementDisplayed {id=f.B2643D49DBF44834A658411743365198.d.03EBA3DB22A18BEE00808D2F99DF360F.e.64}]
Capabilities {acceptInsecureCerts: false, browserName: chrome, browserVersion: 139.0.7258.155, chrome: {chromedriverVersion: 139.0.7258.154 (9e0d6b2b47f..., userDataDir: C:\Users\DELL\AppData\Local...}, fedcm:accounts: true, goog:chromeOptions: {debuggerAddress: localhost:57472}, networkConnectionEnabled: false, pageLoadStrategy: normal, platformName: windows, proxy: Proxy(), se:cdp: ws://localhost:57472/devtoo..., se:cdpVersion: 139.0.7258.155, setWindowRect: true, strictFileInteractability: false, timeouts: {implicit: 0, pageLoad: 300000, script: 30000}, unhandledPromptBehavior: dismiss and notify, webauthn:extension:credBlob: true, webauthn:extension:largeBlob: true, webauthn:extension:minPinLength: true, webauthn:extension:prf: true, webauthn:virtualAuthenticators: true}
Element: [[ChromeDriver: chrome on windows (b091826435ae414c9c8e13206ee1549a)] -&amp;gt; xpath: //*[@class=&amp;apos;text-primary&amp;apos;]]
Session ID: b091826435ae414c9c8e13206ee1549a">
      <![CDATA[org.openqa.selenium.StaleElementReferenceException: stale element reference: stale element not found
  (Session info: chrome=139.0.7258.155)
For documentation on this error, please visit: https://www.selenium.dev/documentation/webdriver/troubleshooting/errors#stale-element-reference-exception
Build info: version: '4.34.0', revision: '707dcb4246*'
System info: os.name: 'Windows 11', os.arch: 'amd64', os.version: '10.0', java.version: '22.0.2'
Driver info: org.openqa.selenium.chrome.ChromeDriver
Command: [b091826435ae414c9c8e13206ee1549a, isElementDisplayed {id=f.B2643D49DBF44834A658411743365198.d.03EBA3DB22A18BEE00808D2F99DF360F.e.64}]
Capabilities {acceptInsecureCerts: false, browserName: chrome, browserVersion: 139.0.7258.155, chrome: {chromedriverVersion: 139.0.7258.154 (9e0d6b2b47f..., userDataDir: C:\Users\DELL\AppData\Local...}, fedcm:accounts: true, goog:chromeOptions: {debuggerAddress: localhost:57472}, networkConnectionEnabled: false, pageLoadStrategy: normal, platformName: windows, proxy: Proxy(), se:cdp: ws://localhost:57472/devtoo..., se:cdpVersion: 139.0.7258.155, setWindowRect: true, strictFileInteractability: false, timeouts: {implicit: 0, pageLoad: 300000, script: 30000}, unhandledPromptBehavior: dismiss and notify, webauthn:extension:credBlob: true, webauthn:extension:largeBlob: true, webauthn:extension:minPinLength: true, webauthn:extension:prf: true, webauthn:virtualAuthenticators: true}
Element: [[ChromeDriver: chrome on windows (b091826435ae414c9c8e13206ee1549a)] -> xpath: //*[@class='text-primary']]
Session ID: b091826435ae414c9c8e13206ee1549a
at org.openqa.selenium.remote.ErrorCodec.decode(ErrorCodec.java:167)
at org.openqa.selenium.remote.codec.w3c.W3CHttpResponseCodec.decode(W3CHttpResponseCodec.java:138)
at org.openqa.selenium.remote.codec.w3c.W3CHttpResponseCodec.decode(W3CHttpResponseCodec.java:50)
at org.openqa.selenium.remote.HttpCommandExecutor.execute(HttpCommandExecutor.java:215)
at org.openqa.selenium.remote.service.DriverCommandExecutor.invokeExecute(DriverCommandExecutor.java:216)
at org.openqa.selenium.remote.service.DriverCommandExecutor.execute(DriverCommandExecutor.java:174)
at org.openqa.selenium.remote.RemoteWebDriver.execute(RemoteWebDriver.java:544)
at org.openqa.selenium.remote.RemoteWebElement.execute(RemoteWebElement.java:223)
at org.openqa.selenium.remote.RemoteWebElement.isDisplayed(RemoteWebElement.java:282)
at org.openqa.selenium.support.ui.ExpectedConditions.elementIfVisible(ExpectedConditions.java:304)
at org.openqa.selenium.support.ui.ExpectedConditions$10.apply(ExpectedConditions.java:290)
at org.openqa.selenium.support.ui.ExpectedConditions$10.apply(ExpectedConditions.java:287)
at org.openqa.selenium.support.ui.FluentWait.until(FluentWait.java:203)
at utility.WaitUtils.waitForElementVisible(WaitUtils.java:67)
at searchbar.SearchBarTests.searchByTaskId(SearchBarTests.java:104)
at java.base/java.util.ArrayList.forEach(ArrayList.java:1597)
... Removed 28 stack frames]]>
    </failure>
  </testcase> <!-- searchByTaskId -->
  <testcase classname="searchbar.SearchBarTests" name="clearSearchButtonTest" time="1.785"/>
  <testcase classname="dashboard.DashBoardTests" name="employeesWidgetRedirects" time="2.936"/>
  <testcase classname="dashboard.DashBoardTests" name="paymentsWidgetRedirects" time="4.649"/>
  <testcase classname="dashboard.DashBoardTests" name="tasksWidgetRedirects" time="3.511">
    <failure type="java.lang.AssertionError" message="expected [https://sumanvi.pythonanywhere.com/task-list/] but found [http://sumanvi.pythonanywhere.com/task-list/]">
      <![CDATA[java.lang.AssertionError: expected [https://sumanvi.pythonanywhere.com/task-list/] but found [http://sumanvi.pythonanywhere.com/task-list/]
at dashboard.DashBoardTests.tasksWidgetRedirects(DashBoardTests.java:69)
at java.base/java.util.ArrayList.forEach(ArrayList.java:1597)
... Removed 31 stack frames]]>
    </failure>
  </testcase> <!-- tasksWidgetRedirects -->
  <testcase classname="dashboard.DashBoardTests" name="totalCustomersWidgetRedirects" time="4.146"/>
  <testcase classname="navigationmenu.NavigationMenuTests" name="navigateToNewLeads" time="3.487"/>
  <testcase classname="navigationmenu.NavigationMenuTests" name="navigateToAllLeads" time="3.058"/>
  <testcase classname="navigationmenu.NavigationMenuTests" name="navigateToCustomers" time="2.32"/>
  <testcase classname="navigationmenu.NavigationMenuTests" name="navigateToAddServices" time="2.086"/>
  <testcase classname="navigationmenu.NavigationMenuTests" name="navigateToAddEmployee" time="2.772"/>
  <testcase classname="navigationmenu.NavigationMenuTests" name="navigateToAddTask" time="3.789"/>
</testsuite> <!-- mytest -->
